[1130/212712.527:ERROR:directory_reader_win.cc(43)] FindFirstFile: The system cannot find the path specified. (0x3)
[1202/161814.651:ERROR:directory_reader_win.cc(43)] FindFirstFile: The system cannot find the path specified. (0x3)
[1216/153551.250:ERROR:directory_reader_win.cc(43)] FindFirstFile: The system cannot find the path specified. (0x3)
[1217/174831.124:ERROR:directory_reader_win.cc(43)] FindFirstFile: The system cannot find the path specified. (0x3)
[1221/144318.744:ERROR:directory_reader_win.cc(43)] FindFirstFile: The system cannot find the path specified. (0x3)
[1221/170016.336:ERROR:process_memory_win.cc(73)] ReadMemory at 0x1a5eb9d48a0 of 72 bytes failed: Only part of a ReadProcessMemory or WriteProcessMemory request was completed. (0x12B)
[1221/170016.336:WARNING:pe_image_annotations_reader.cc(135)] could not read annotations list object in C:\Program Files\Google\Chrome\Application\87.0.4280.88\chrome_elf.dll
[1221/170016.337:ERROR:process_memory_win.cc(73)] ReadMemory at 0x1a5ebae0000 of 64 bytes failed: Only part of a ReadProcessMemory or WriteProcessMemory request was completed. (0x12B)
[1221/170016.337:WARNING:pe_image_reader.cc(340)] could not read dos header from C:\WINDOWS\System32\msvcrt.dll
[1221/170016.337:ERROR:process_memory_win.cc(73)] ReadMemory at 0x1a5eba111b0 of 72 bytes failed: Only part of a ReadProcessMemory or WriteProcessMemory request was completed. (0x12B)
[1221/170016.337:WARNING:pe_image_annotations_reader.cc(135)] could not read annotations list object in C:\Program Files\Google\Chrome\Application\87.0.4280.88\chrome.dll
[1221/170016.341:ERROR:process_memory_win.cc(73)] ReadMemory at 0x7ff7a57a0000 of 64 bytes failed: Only part of a ReadProcessMemory or WriteProcessMemory request was completed. (0x12B)
[1221/170016.341:WARNING:pe_image_reader.cc(340)] could not read dos header from C:\Program Files\Google\Chrome\Application\chrome.exe
[1221/170016.341:ERROR:process_memory_win.cc(73)] ReadMemory at 0x7ffee3fb0000 of 64 bytes failed: Only part of a ReadProcessMemory or WriteProcessMemory request was completed. (0x12B)
[1221/170016.341:WARNING:pe_image_reader.cc(340)] could not read dos header from C:\WINDOWS\System32\KERNELBASE.dll
[1221/170016.341:ERROR:process_memory_win.cc(73)] ReadMemory at 0x7ffe8d2d0000 of 64 bytes failed: Only part of a ReadProcessMemory or WriteProcessMemory request was completed. (0x12B)
[1221/170016.342:WARNING:pe_image_reader.cc(340)] could not read dos header from C:\Program Files\Google\Chrome\Application\87.0.4280.88\chrome_elf.dll
[1221/170016.342:ERROR:process_memory_win.cc(73)] ReadMemory at 0x7ffed1ae0000 of 64 bytes failed: Only part of a ReadProcessMemory or WriteProcessMemory request was completed. (0x12B)
[1221/170016.342:WARNING:pe_image_reader.cc(340)] could not read dos header from C:\WINDOWS\SYSTEM32\VERSION.dll
[1221/170016.342:ERROR:process_memory_win.cc(73)] ReadMemory at 0x1a5ebae0000 of 64 bytes failed: Only part of a ReadProcessMemory or WriteProcessMemory request was completed. (0x12B)
[1221/170016.342:WARNING:pe_image_reader.cc(340)] could not read dos header from C:\WINDOWS\System32\msvcrt.dll
[1221/170016.342:ERROR:process_memory_win.cc(73)] ReadMemory at 0x7ffee5930000 of 64 bytes failed: Only part of a ReadProcessMemory or WriteProcessMemory request was completed. (0x12B)
[1221/170016.342:WARNING:pe_image_reader.cc(340)] could not read dos header from C:\WINDOWS\System32\ADVAPI32.dll
[1221/170016.342:ERROR:process_memory_win.cc(73)] ReadMemory at 0x7ffee5af0000 of 64 bytes failed: Only part of a ReadProcessMemory or WriteProcessMemory request was completed. (0x12B)
[1221/170016.342:WARNING:pe_image_reader.cc(340)] could not read dos header from C:\WINDOWS\System32\sechost.dll
[1221/170016.342:ERROR:process_memory_win.cc(73)] ReadMemory at 0x7ffe77010000 of 64 bytes failed: Only part of a ReadProcessMemory or WriteProcessMemory request was completed. (0x12B)
[1221/170016.342:WARNING:pe_image_reader.cc(340)] could not read dos header from C:\Program Files\Google\Chrome\Application\87.0.4280.88\chrome.dll
[1221/170016.342:ERROR:process_memory_win.cc(73)] ReadMemory at 0x7ffee58c0000 of 64 bytes failed: Only part of a ReadProcessMemory or WriteProcessMemory request was completed. (0x12B)
[1221/170016.342:WARNING:pe_image_reader.cc(340)] could not read dos header from C:\WINDOWS\System32\WS2_32.dll
[1221/170016.342:ERROR:process_memory_win.cc(73)] ReadMemory at 0x7ffee4c20000 of 64 bytes failed: Only part of a ReadProcessMemory or WriteProcessMemory request was completed. (0x12B)
[1221/170016.342:WARNING:pe_image_reader.cc(340)] could not read dos header from C:\WINDOWS\System32\OLEAUT32.dll
[1221/170016.342:ERROR:process_memory_win.cc(73)] ReadMemory at 0x7ffee3c80000 of 64 bytes failed: Only part of a ReadProcessMemory or WriteProcessMemory request was completed. (0x12B)
[1221/170016.342:WARNING:pe_image_reader.cc(340)] could not read dos header from C:\WINDOWS\System32\msvcp_win.dll
[1221/170016.342:ERROR:process_memory_win.cc(73)] ReadMemory at 0x7ffee3e30000 of 64 bytes failed: Only part of a ReadProcessMemory or WriteProcessMemory request was completed. (0x12B)
[1221/170016.342:WARNING:pe_image_reader.cc(340)] could not read dos header from C:\WINDOWS\System32\ucrtbase.dll
[1221/170016.342:ERROR:process_memory_win.cc(73)] ReadMemory at 0x7ffee5bf0000 of 64 bytes failed: Only part of a ReadProcessMemory or WriteProcessMemory request was completed. (0x12B)
[1221/170016.342:WARNING:pe_image_reader.cc(340)] could not read dos header from C:\WINDOWS\System32\combase.dll
[1221/170016.342:ERROR:process_memory_win.cc(73)] ReadMemory at 0x7ffee3d20000 of 64 bytes failed: Only part of a ReadProcessMemory or WriteProcessMemory request was completed. (0x12B)
[1221/170016.343:WARNING:pe_image_reader.cc(340)] could not read dos header from C:\WINDOWS\System32\WINTRUST.dll
[1221/170016.343:ERROR:process_memory_win.cc(73)] ReadMemory at 0x7ffee43f0000 of 64 bytes failed: Only part of a ReadProcessMemory or WriteProcessMemory request was completed. (0x12B)
[1221/170016.343:WARNING:pe_image_reader.cc(340)] could not read dos header from C:\WINDOWS\System32\CRYPT32.dll
[1221/170016.343:ERROR:process_memory_win.cc(73)] ReadMemory at 0x7ffee0f00000 of 64 bytes failed: Only part of a ReadProcessMemory or WriteProcessMemory request was completed. (0x12B)
[1221/170016.343:WARNING:pe_image_reader.cc(340)] could not read dos header from C:\WINDOWS\SYSTEM32\dbghelp.dll
[1221/170016.343:ERROR:process_memory_win.cc(73)] ReadMemory at 0x7ffee30c0000 of 64 bytes failed: Only part of a ReadProcessMemory or WriteProcessMemory request was completed. (0x12B)
[1221/170016.343:WARNING:pe_image_reader.cc(340)] could not read dos header from C:\WINDOWS\SYSTEM32\IPHLPAPI.DLL
[1221/170016.343:ERROR:process_memory_win.cc(73)] ReadMemory at 0x7ffed8610000 of 64 bytes failed: Only part of a ReadProcessMemory or WriteProcessMemory request was completed. (0x12B)
[1221/170016.343:WARNING:pe_image_reader.cc(340)] could not read dos header from C:\WINDOWS\SYSTEM32\WINMM.dll
[1221/170016.343:ERROR:process_memory_win.cc(73)] ReadMemory at 0x7ffeb7070000 of 64 bytes failed: Only part of a ReadProcessMemory or WriteProcessMemory request was completed. (0x12B)
[1221/170016.343:WARNING:pe_image_reader.cc(340)] could not read dos header from C:\WINDOWS\SYSTEM32\UIAutomationCore.DLL
[1221/170016.343:ERROR:process_memory_win.cc(73)] ReadMemory at 0x7ffecb200000 of 64 bytes failed: Only part of a ReadProcessMemory or WriteProcessMemory request was completed. (0x12B)
[1221/170016.343:WARNING:pe_image_reader.cc(340)] could not read dos header from C:\WINDOWS\SYSTEM32\Secur32.dll
[1221/170016.343:ERROR:process_memory_win.cc(73)] ReadMemory at 0x7ffee3b20000 of 64 bytes failed: Only part of a ReadProcessMemory or WriteProcessMemory request was completed. (0x12B)
[1221/170016.343:WARNING:pe_image_reader.cc(340)] could not read dos header from C:\WINDOWS\SYSTEM32\USERENV.dll
[1221/170016.343:ERROR:process_memory_win.cc(73)] ReadMemory at 0x7ffebb9b0000 of 64 bytes failed: Only part of a ReadProcessMemory or WriteProcessMemory request was completed. (0x12B)
[1221/170016.343:WARNING:pe_image_reader.cc(340)] could not read dos header from C:\WINDOWS\SYSTEM32\DWrite.dll
[1221/170016.343:ERROR:process_memory_win.cc(73)] ReadMemory at 0x7ffed8430000 of 64 bytes failed: Only part of a ReadProcessMemory or WriteProcessMemory request was completed. (0x12B)
[1221/170016.343:WARNING:pe_image_reader.cc(340)] could not read dos header from C:\WINDOWS\SYSTEM32\WINSPOOL.DRV
[1221/170016.343:ERROR:process_memory_win.cc(73)] ReadMemory at 0x7ffeda780000 of 64 bytes failed: Only part of a ReadProcessMemory or WriteProcessMemory request was completed. (0x12B)
[1221/170016.343:WARNING:pe_image_reader.cc(340)] could not read dos header from C:\WINDOWS\SYSTEM32\WINHTTP.dll
[1221/170016.343:ERROR:process_memory_win.cc(73)] ReadMemory at 0x7ffee0e00000 of 64 bytes failed: Only part of a ReadProcessMemory or WriteProcessMemory request was completed. (0x12B)
[1221/170016.343:WARNING:pe_image_reader.cc(340)] could not read dos header from C:\WINDOWS\SYSTEM32\dhcpcsvc.DLL
[1221/170016.344:ERROR:process_memory_win.cc(73)] ReadMemory at 0x7ffedb9c0000 of 64 bytes failed: Only part of a ReadProcessMemory or WriteProcessMemory request was completed. (0x12B)
[1221/170016.344:WARNING:pe_image_reader.cc(340)] could not read dos header from C:\WINDOWS\SYSTEM32\PROPSYS.dll
[1221/170016.344:ERROR:process_memory_win.cc(73)] ReadMemory at 0x7ffee3ae0000 of 64 bytes failed: Only part of a ReadProcessMemory or WriteProcessMemory request was completed. (0x12B)
[1221/170016.344:WARNING:pe_image_reader.cc(340)] could not read dos header from C:\WINDOWS\SYSTEM32\SSPICLI.DLL
[1221/170016.344:ERROR:process_memory_win.cc(73)] ReadMemory at 0x7ffee3820000 of 64 bytes failed: Only part of a ReadProcessMemory or WriteProcessMemory request was completed. (0x12B)
[1221/170016.344:WARNING:pe_image_reader.cc(340)] could not read dos header from C:\WINDOWS\System32\MSASN1.dll
[1221/170016.344:ERROR:process_memory_win.cc(73)] ReadMemory at 0x7ffee3f30000 of 64 bytes failed: Only part of a ReadProcessMemory or WriteProcessMemory request was completed. (0x12B)
[1221/170016.344:WARNING:pe_image_reader.cc(340)] could not read dos header from C:\WINDOWS\System32\bcryptPrimitives.dll
[1221/170016.344:ERROR:process_memory_win.cc(73)] ReadMemory at 0x7ffee3610000 of 64 bytes failed: Only part of a ReadProcessMemory or WriteProcessMemory request was completed. (0x12B)
[1221/170016.344:WARNING:pe_image_reader.cc(340)] could not read dos header from C:\WINDOWS\SYSTEM32\CRYPTBASE.DLL
[1221/170016.344:ERROR:process_memory_win.cc(73)] ReadMemory at 0x7ff7a57a0000 of 64 bytes failed: Only part of a ReadProcessMemory or WriteProcessMemory request was completed. (0x12B)
[1221/170016.344:WARNING:pe_image_reader.cc(340)] could not read dos header from C:\Program Files\Google\Chrome\Application\chrome.exe
[1221/170016.344:ERROR:process_memory_win.cc(73)] ReadMemory at 0x7ffee64f0000 of 64 bytes failed: Only part of a ReadProcessMemory or WriteProcessMemory request was completed. (0x12B)
[1221/170016.344:WARNING:pe_image_reader.cc(340)] could not read dos header from C:\WINDOWS\SYSTEM32\ntdll.dll
[1221/170016.344:ERROR:process_memory_win.cc(73)] ReadMemory at 0x7ffee5f50000 of 64 bytes failed: Only part of a ReadProcessMemory or WriteProcessMemory request was completed. (0x12B)
[1221/170016.344:WARNING:pe_image_reader.cc(340)] could not read dos header from C:\WINDOWS\System32\KERNEL32.DLL
[1221/170016.344:ERROR:process_memory_win.cc(73)] ReadMemory at 0x7ffee3fb0000 of 64 bytes failed: Only part of a ReadProcessMemory or WriteProcessMemory request was completed. (0x12B)
[1221/170016.344:WARNING:pe_image_reader.cc(340)] could not read dos header from C:\WINDOWS\System32\KERNELBASE.dll
[1221/170016.344:ERROR:process_memory_win.cc(73)] ReadMemory at 0x7ffe8d2d0000 of 64 bytes failed: Only part of a ReadProcessMemory or WriteProcessMemory request was completed. (0x12B)
[1221/170016.344:WARNING:pe_image_reader.cc(340)] could not read dos header from C:\Program Files\Google\Chrome\Application\87.0.4280.88\chrome_elf.dll
[1221/170016.344:ERROR:process_memory_win.cc(73)] ReadMemory at 0x7ffed1ae0000 of 64 bytes failed: Only part of a ReadProcessMemory or WriteProcessMemory request was completed. (0x12B)
[1221/170016.344:WARNING:pe_image_reader.cc(340)] could not read dos header from C:\WINDOWS\SYSTEM32\VERSION.dll
[1221/170016.344:ERROR:process_memory_win.cc(73)] ReadMemory at 0x1a5ebae0000 of 64 bytes failed: Only part of a ReadProcessMemory or WriteProcessMemory request was completed. (0x12B)
[1221/170016.344:WARNING:pe_image_reader.cc(340)] could not read dos header from C:\WINDOWS\System32\msvcrt.dll
[1221/170016.344:ERROR:process_memory_win.cc(73)] ReadMemory at 0x7ffee5930000 of 64 bytes failed: Only part of a ReadProcessMemory or WriteProcessMemory request was completed. (0x12B)
[1221/170016.344:WARNING:pe_image_reader.cc(340)] could not read dos header from C:\WINDOWS\System32\ADVAPI32.dll
[1221/170016.345:ERROR:process_memory_win.cc(73)] ReadMemory at 0x7ffee5af0000 of 64 bytes failed: Only part of a ReadProcessMemory or WriteProcessMemory request was completed. (0x12B)
[1221/170016.345:WARNING:pe_image_reader.cc(340)] could not read dos header from C:\WINDOWS\System32\sechost.dll
[1221/170016.345:ERROR:process_memory_win.cc(73)] ReadMemory at 0x7ffee60b0000 of 64 bytes failed: Only part of a ReadProcessMemory or WriteProcessMemory request was completed. (0x12B)
[1221/170016.345:WARNING:pe_image_reader.cc(340)] could not read dos header from C:\WINDOWS\System32\RPCRT4.dll
[1221/170016.345:ERROR:process_memory_win.cc(73)] ReadMemory at 0x7ffe77010000 of 64 bytes failed: Only part of a ReadProcessMemory or WriteProcessMemory request was completed. (0x12B)
[1221/170016.345:WARNING:pe_image_reader.cc(340)] could not read dos header from C:\Program Files\Google\Chrome\Application\87.0.4280.88\chrome.dll
[1221/170016.345:ERROR:process_memory_win.cc(73)] ReadMemory at 0x7ffee58c0000 of 64 bytes failed: Only part of a ReadProcessMemory or WriteProcessMemory request was completed. (0x12B)
[1221/170016.345:WARNING:pe_image_reader.cc(340)] could not read dos header from C:\WINDOWS\System32\WS2_32.dll
[1221/170016.345:ERROR:process_memory_win.cc(73)] ReadMemory at 0x7ffee4c20000 of 64 bytes failed: Only part of a ReadProcessMemory or WriteProcessMemory request was completed. (0x12B)
[1221/170016.345:WARNING:pe_image_reader.cc(340)] could not read dos header from C:\WINDOWS\System32\OLEAUT32.dll
[1221/170016.345:ERROR:process_memory_win.cc(73)] ReadMemory at 0x7ffee3c80000 of 64 bytes failed: Only part of a ReadProcessMemory or WriteProcessMemory request was completed. (0x12B)
[1221/170016.345:WARNING:pe_image_reader.cc(340)] could not read dos header from C:\WINDOWS\System32\msvcp_win.dll
[1221/170016.345:ERROR:process_memory_win.cc(73)] ReadMemory at 0x7ffee3e30000 of 64 bytes failed: Only part of a ReadProcessMemory or WriteProcessMemory request was completed. (0x12B)
[1221/170016.345:WARNING:pe_image_reader.cc(340)] could not read dos header from C:\WINDOWS\System32\ucrtbase.dll
[1221/170016.345:ERROR:process_memory_win.cc(73)] ReadMemory at 0x7ffee5bf0000 of 64 bytes failed: Only part of a ReadProcessMemory or WriteProcessMemory request was completed. (0x12B)
[1221/170016.345:WARNING:pe_image_reader.cc(340)] could not read dos header from C:\WINDOWS\System32\combase.dll
[1221/170016.345:ERROR:process_memory_win.cc(73)] ReadMemory at 0x7ffee3d20000 of 64 bytes failed: Only part of a ReadProcessMemory or WriteProcessMemory request was completed. (0x12B)
[1221/170016.345:WARNING:pe_image_reader.cc(340)] could not read dos header from C:\WINDOWS\System32\WINTRUST.dll
[1221/170016.345:ERROR:process_memory_win.cc(73)] ReadMemory at 0x7ffee43f0000 of 64 bytes failed: Only part of a ReadProcessMemory or WriteProcessMemory request was completed. (0x12B)
[1221/170016.345:WARNING:pe_image_reader.cc(340)] could not read dos header from C:\WINDOWS\System32\CRYPT32.dll
[1221/170016.345:ERROR:process_memory_win.cc(73)] ReadMemory at 0x7ffee0f00000 of 64 bytes failed: Only part of a ReadProcessMemory or WriteProcessMemory request was completed. (0x12B)
[1221/170016.345:WARNING:pe_image_reader.cc(340)] could not read dos header from C:\WINDOWS\SYSTEM32\dbghelp.dll
[1221/170016.345:ERROR:process_memory_win.cc(73)] ReadMemory at 0x7ffee30c0000 of 64 bytes failed: Only part of a ReadProcessMemory or WriteProcessMemory request was completed. (0x12B)
[1221/170016.345:WARNING:pe_image_reader.cc(340)] could not read dos header from C:\WINDOWS\SYSTEM32\IPHLPAPI.DLL
[1221/170016.345:ERROR:process_memory_win.cc(73)] ReadMemory at 0x7ffed8610000 of 64 bytes failed: Only part of a ReadProcessMemory or WriteProcessMemory request was completed. (0x12B)
[1221/170016.346:WARNING:pe_image_reader.cc(340)] could not read dos header from C:\WINDOWS\SYSTEM32\WINMM.dll
[1221/170016.346:ERROR:process_memory_win.cc(73)] ReadMemory at 0x7ffeb7070000 of 64 bytes failed: Only part of a ReadProcessMemory or WriteProcessMemory request was completed. (0x12B)
[1221/170016.346:WARNING:pe_image_reader.cc(340)] could not read dos header from C:\WINDOWS\SYSTEM32\UIAutomationCore.DLL
[1221/170016.346:ERROR:process_memory_win.cc(73)] ReadMemory at 0x7ffecb200000 of 64 bytes failed: Only part of a ReadProcessMemory or WriteProcessMemory request was completed. (0x12B)
[1221/170016.346:WARNING:pe_image_reader.cc(340)] could not read dos header from C:\WINDOWS\SYSTEM32\Secur32.dll
[1221/170016.346:ERROR:process_memory_win.cc(73)] ReadMemory at 0x7ffee3b20000 of 64 bytes failed: Only part of a ReadProcessMemory or WriteProcessMemory request was completed. (0x12B)
[1221/170016.346:WARNING:pe_image_reader.cc(340)] could not read dos header from C:\WINDOWS\SYSTEM32\USERENV.dll
[1221/170016.346:ERROR:process_memory_win.cc(73)] ReadMemory at 0x7ffebb9b0000 of 64 bytes failed: Only part of a ReadProcessMemory or WriteProcessMemory request was completed. (0x12B)
[1221/170016.346:WARNING:pe_image_reader.cc(340)] could not read dos header from C:\WINDOWS\SYSTEM32\DWrite.dll
[1221/170016.346:ERROR:process_memory_win.cc(73)] ReadMemory at 0x7ffed8430000 of 64 bytes failed: Only part of a ReadProcessMemory or WriteProcessMemory request was completed. (0x12B)
[1221/170016.346:WARNING:pe_image_reader.cc(340)] could not read dos header from C:\WINDOWS\SYSTEM32\WINSPOOL.DRV
[1221/170016.346:ERROR:process_memory_win.cc(73)] ReadMemory at 0x7ffeda780000 of 64 bytes failed: Only part of a ReadProcessMemory or WriteProcessMemory request was completed. (0x12B)
[1221/170016.346:WARNING:pe_image_reader.cc(340)] could not read dos header from C:\WINDOWS\SYSTEM32\WINHTTP.dll
[1221/170016.346:ERROR:process_memory_win.cc(73)] ReadMemory at 0x7ffee0e00000 of 64 bytes failed: Only part of a ReadProcessMemory or WriteProcessMemory request was completed. (0x12B)
[1221/170016.346:WARNING:pe_image_reader.cc(340)] could not read dos header from C:\WINDOWS\SYSTEM32\dhcpcsvc.DLL
[1221/170016.346:ERROR:process_memory_win.cc(73)] ReadMemory at 0x7ffedb9c0000 of 64 bytes failed: Only part of a ReadProcessMemory or WriteProcessMemory request was completed. (0x12B)
[1221/170016.346:WARNING:pe_image_reader.cc(340)] could not read dos header from C:\WINDOWS\SYSTEM32\PROPSYS.dll
[1221/170016.346:ERROR:process_memory_win.cc(73)] ReadMemory at 0x7ffee3ae0000 of 64 bytes failed: Only part of a ReadProcessMemory or WriteProcessMemory request was completed. (0x12B)
[1221/170016.346:WARNING:pe_image_reader.cc(340)] could not read dos header from C:\WINDOWS\SYSTEM32\SSPICLI.DLL
[1221/170016.346:ERROR:process_memory_win.cc(73)] ReadMemory at 0x7ffee3820000 of 64 bytes failed: Only part of a ReadProcessMemory or WriteProcessMemory request was completed. (0x12B)
[1221/170016.346:WARNING:pe_image_reader.cc(340)] could not read dos header from C:\WINDOWS\System32\MSASN1.dll
[1221/170016.346:ERROR:process_memory_win.cc(73)] ReadMemory at 0x7ffee3f30000 of 64 bytes failed: Only part of a ReadProcessMemory or WriteProcessMemory request was completed. (0x12B)
[1221/170016.346:WARNING:pe_image_reader.cc(340)] could not read dos header from C:\WINDOWS\System32\bcryptPrimitives.dll
[1221/170016.346:ERROR:process_memory_win.cc(73)] ReadMemory at 0x7ffee3610000 of 64 bytes failed: Only part of a ReadProcessMemory or WriteProcessMemory request was completed. (0x12B)
[1221/170016.346:WARNING:pe_image_reader.cc(340)] could not read dos header from C:\WINDOWS\SYSTEM32\CRYPTBASE.DLL
[1221/170016.354:ERROR:process_memory_win.cc(73)] ReadMemory at 0x9eea5f9000 of 28672 bytes failed: Only part of a ReadProcessMemory or WriteProcessMemory request was completed. (0x12B)
[1221/170016.354:ERROR:process_memory_win.cc(73)] ReadMemory at 0x9eeadfe000 of 8192 bytes failed: Only part of a ReadProcessMemory or WriteProcessMemory request was completed. (0x12B)
[1221/170016.354:ERROR:process_memory_win.cc(73)] ReadMemory at 0x9eeb5fe000 of 8192 bytes failed: Only part of a ReadProcessMemory or WriteProcessMemory request was completed. (0x12B)
[1221/170016.354:ERROR:process_memory_win.cc(73)] ReadMemory at 0x9eebdfe000 of 8192 bytes failed: Only part of a ReadProcessMemory or WriteProcessMemory request was completed. (0x12B)
[1221/170016.355:ERROR:process_memory_win.cc(73)] ReadMemory at 0x9eec5fd000 of 12288 bytes failed: Only part of a ReadProcessMemory or WriteProcessMemory request was completed. (0x12B)
[1221/170016.355:ERROR:process_memory_win.cc(73)] ReadMemory at 0x9eecdfe000 of 8192 bytes failed: Only part of a ReadProcessMemory or WriteProcessMemory request was completed. (0x12B)
[1221/170016.355:ERROR:process_memory_win.cc(73)] ReadMemory at 0x9eed5ff000 of 4096 bytes failed: Only part of a ReadProcessMemory or WriteProcessMemory request was completed. (0x12B)
[1221/170016.355:ERROR:process_memory_win.cc(73)] ReadMemory at 0x9eeddfd000 of 12288 bytes failed: Only part of a ReadProcessMemory or WriteProcessMemory request was completed. (0x12B)
[1221/170016.355:ERROR:process_memory_win.cc(73)] ReadMemory at 0x9eee5fe000 of 8192 bytes failed: Only part of a ReadProcessMemory or WriteProcessMemory request was completed. (0x12B)
[1221/170016.355:ERROR:process_memory_win.cc(73)] ReadMemory at 0x9eeedfe000 of 8192 bytes failed: Only part of a ReadProcessMemory or WriteProcessMemory request was completed. (0x12B)
[1221/170016.355:ERROR:process_memory_win.cc(73)] ReadMemory at 0x9eef5fe000 of 8192 bytes failed: Only part of a ReadProcessMemory or WriteProcessMemory request was completed. (0x12B)
[1221/170016.355:ERROR:process_memory_win.cc(73)] ReadMemory at 0x9eefdfe000 of 8192 bytes failed: Only part of a ReadProcessMemory or WriteProcessMemory request was completed. (0x12B)
[1221/170016.355:ERROR:process_memory_win.cc(73)] ReadMemory at 0x9ef05fe000 of 8192 bytes failed: Only part of a ReadProcessMemory or WriteProcessMemory request was completed. (0x12B)
[1221/170016.355:ERROR:process_memory_win.cc(73)] ReadMemory at 0x9ef0dfe000 of 8192 bytes failed: Only part of a ReadProcessMemory or WriteProcessMemory request was completed. (0x12B)
[1221/170016.356:ERROR:process_memory_win.cc(73)] ReadMemory at 0x9ee9c00000 of 6024 bytes failed: Only part of a ReadProcessMemory or WriteProcessMemory request was completed. (0x12B)
[1221/170016.356:ERROR:process_memory_win.cc(73)] ReadMemory at 0x9ee9c02000 of 6024 bytes failed: Only part of a ReadProcessMemory or WriteProcessMemory request was completed. (0x12B)
[1221/170016.356:ERROR:process_memory_win.cc(73)] ReadMemory at 0x9ee9c04000 of 6024 bytes failed: Only part of a ReadProcessMemory or WriteProcessMemory request was completed. (0x12B)
[1221/170016.356:ERROR:process_memory_win.cc(73)] ReadMemory at 0x9ee9c06000 of 6024 bytes failed: Only part of a ReadProcessMemory or WriteProcessMemory request was completed. (0x12B)
[1221/170016.356:ERROR:process_memory_win.cc(73)] ReadMemory at 0x9ee9c08000 of 6024 bytes failed: Only part of a ReadProcessMemory or WriteProcessMemory request was completed. (0x12B)
[1221/170016.356:ERROR:process_memory_win.cc(73)] ReadMemory at 0x9ee9c0a000 of 6024 bytes failed: Only part of a ReadProcessMemory or WriteProcessMemory request was completed. (0x12B)
[1221/170016.356:ERROR:process_memory_win.cc(73)] ReadMemory at 0x9ee9c0c000 of 6024 bytes failed: Only part of a ReadProcessMemory or WriteProcessMemory request was completed. (0x12B)
[1221/170016.356:ERROR:process_memory_win.cc(73)] ReadMemory at 0x9ee9c0e000 of 6024 bytes failed: Only part of a ReadProcessMemory or WriteProcessMemory request was completed. (0x12B)
[1221/170016.356:ERROR:process_memory_win.cc(73)] ReadMemory at 0x9ee9c10000 of 6024 bytes failed: Only part of a ReadProcessMemory or WriteProcessMemory request was completed. (0x12B)
[1221/170016.357:ERROR:process_memory_win.cc(73)] ReadMemory at 0x9ee9c12000 of 6024 bytes failed: Only part of a ReadProcessMemory or WriteProcessMemory request was completed. (0x12B)
[1221/170016.357:ERROR:process_memory_win.cc(73)] ReadMemory at 0x9ee9c14000 of 6024 bytes failed: Only part of a ReadProcessMemory or WriteProcessMemory request was completed. (0x12B)
[1221/170016.357:ERROR:process_memory_win.cc(73)] ReadMemory at 0x9ee9c16000 of 6024 bytes failed: Only part of a ReadProcessMemory or WriteProcessMemory request was completed. (0x12B)
[1221/170016.357:ERROR:process_memory_win.cc(73)] ReadMemory at 0x9ee9c18000 of 6024 bytes failed: Only part of a ReadProcessMemory or WriteProcessMemory request was completed. (0x12B)
[1221/170016.357:ERROR:process_memory_win.cc(73)] ReadMemory at 0x9ee9c1a000 of 6024 bytes failed: Only part of a ReadProcessMemory or WriteProcessMemory request was completed. (0x12B)
[1221/170016.357:ERROR:process_memory_win.cc(73)] ReadMemory at 0x9ee9dff000 of 852 bytes failed: Only part of a ReadProcessMemory or WriteProcessMemory request was completed. (0x12B)
[1221/170016.357:ERROR:process_memory_win.cc(73)] ReadMemory at 0x1a5eb9c0fe0 of 16800 bytes failed: Only part of a ReadProcessMemory or WriteProcessMemory request was completed. (0x12B)
[1221/170016.357:ERROR:process_memory_win.cc(73)] ReadMemory at 0x1a5eb9c5190 of 1012 bytes failed: Only part of a ReadProcessMemory or WriteProcessMemory request was completed. (0x12B)
[1221/170016.357:ERROR:process_memory_win.cc(73)] ReadMemory at 0x1a5eb9c57d8 of 106 bytes failed: Only part of a ReadProcessMemory or WriteProcessMemory request was completed. (0x12B)
[1221/170016.358:ERROR:process_memory_win.cc(73)] ReadMemory at 0x1a5eb9c5844 of 708 bytes failed: Only part of a ReadProcessMemory or WriteProcessMemory request was completed. (0x12B)
[1221/170016.358:ERROR:process_memory_win.cc(73)] ReadMemory at 0x1a5eb9c5b0a of 106 bytes failed: Only part of a ReadProcessMemory or WriteProcessMemory request was completed. (0x12B)
[1221/170016.358:ERROR:process_memory_win.cc(73)] ReadMemory at 0x1a5eb9c5b76 of 100 bytes failed: Only part of a ReadProcessMemory or WriteProcessMemory request was completed. (0x12B)
[1221/170016.358:ERROR:process_memory_win.cc(73)] ReadMemory at 0x1a5eb9c5bf0 of 58 bytes failed: Only part of a ReadProcessMemory or WriteProcessMemory request was completed. (0x12B)
[1221/170016.358:ERROR:process_memory_win.cc(73)] ReadMemory at 0x1a5eb9c5cf0 of 132 bytes failed: Only part of a ReadProcessMemory or WriteProcessMemory request was completed. (0x12B)
[1221/170016.358:ERROR:process_memory_win.cc(73)] ReadMemory at 0x1a5eb9c5e80 of 132 bytes failed: Only part of a ReadProcessMemory or WriteProcessMemory request was completed. (0x12B)
[1221/170016.358:ERROR:process_memory_win.cc(73)] ReadMemory at 0x1a5eb9c6040 of 112 bytes failed: Only part of a ReadProcessMemory or WriteProcessMemory request was completed. (0x12B)
[1221/170016.358:ERROR:process_memory_win.cc(73)] ReadMemory at 0x1a5eb9c6540 of 132 bytes failed: Only part of a ReadProcessMemory or WriteProcessMemory request was completed. (0x12B)
[1221/170016.358:ERROR:process_memory_win.cc(73)] ReadMemory at 0x1a5eb9c66d0 of 64 bytes failed: Only part of a ReadProcessMemory or WriteProcessMemory request was completed. (0x12B)
[1221/170016.359:ERROR:process_memory_win.cc(73)] ReadMemory at 0x1a5eb9c6880 of 132 bytes failed: Only part of a ReadProcessMemory or WriteProcessMemory request was completed. (0x12B)
[1221/170016.359:ERROR:process_memory_win.cc(73)] ReadMemory at 0x1a5eb9c6b50 of 132 bytes failed: Only part of a ReadProcessMemory or WriteProcessMemory request was completed. (0x12B)
[1221/170016.359:ERROR:process_memory_win.cc(73)] ReadMemory at 0x1a5eb9c6ce0 of 68 bytes failed: Only part of a ReadProcessMemory or WriteProcessMemory request was completed. (0x12B)
[1221/170016.359:ERROR:process_memory_win.cc(73)] ReadMemory at 0x1a5eb9c7d90 of 132 bytes failed: Only part of a ReadProcessMemory or WriteProcessMemory request was completed. (0x12B)
[1221/170016.359:ERROR:process_memory_win.cc(73)] ReadMemory at 0x1a5eb9c7ec0 of 140 bytes failed: Only part of a ReadProcessMemory or WriteProcessMemory request was completed. (0x12B)
[1221/170016.359:ERROR:process_memory_win.cc(73)] ReadMemory at 0x1a5eb9c85a0 of 62 bytes failed: Only part of a ReadProcessMemory or WriteProcessMemory request was completed. (0x12B)
[1221/170016.359:ERROR:process_memory_win.cc(73)] ReadMemory at 0x1a5eb9c8d30 of 132 bytes failed: Only part of a ReadProcessMemory or WriteProcessMemory request was completed. (0x12B)
[1221/170016.359:ERROR:process_memory_win.cc(73)] ReadMemory at 0x1a5eb9c8ec0 of 60 bytes failed: Only part of a ReadProcessMemory or WriteProcessMemory request was completed. (0x12B)
[1221/170016.359:ERROR:process_memory_win.cc(73)] ReadMemory at 0x1a5eb9dbbd0 of 132 bytes failed: Only part of a ReadProcessMemory or WriteProcessMemory request was completed. (0x12B)
[1221/170016.359:ERROR:process_memory_win.cc(73)] ReadMemory at 0x1a5eb9dc300 of 132 bytes failed: Only part of a ReadProcessMemory or WriteProcessMemory request was completed. (0x12B)
[1221/170016.359:ERROR:process_memory_win.cc(73)] ReadMemory at 0x1a5eb9dd5f0 of 132 bytes failed: Only part of a ReadProcessMemory or WriteProcessMemory request was completed. (0x12B)
[1221/170016.359:ERROR:process_memory_win.cc(73)] ReadMemory at 0x1a5eb9dd810 of 132 bytes failed: Only part of a ReadProcessMemory or WriteProcessMemory request was completed. (0x12B)
[1221/170016.360:ERROR:process_memory_win.cc(73)] ReadMemory at 0x1a5eb9ddb60 of 132 bytes failed: Only part of a ReadProcessMemory or WriteProcessMemory request was completed. (0x12B)
[1221/170016.360:ERROR:process_memory_win.cc(73)] ReadMemory at 0x1a5eb9dddc0 of 132 bytes failed: Only part of a ReadProcessMemory or WriteProcessMemory request was completed. (0x12B)
[1221/170016.360:ERROR:process_memory_win.cc(73)] ReadMemory at 0x1a5eb9ddef0 of 132 bytes failed: Only part of a ReadProcessMemory or WriteProcessMemory request was completed. (0x12B)
[1221/170016.360:ERROR:process_memory_win.cc(73)] ReadMemory at 0x1a5eb9de020 of 132 bytes failed: Only part of a ReadProcessMemory or WriteProcessMemory request was completed. (0x12B)
[1221/170016.360:ERROR:process_memory_win.cc(73)] ReadMemory at 0x1a5eb9de150 of 132 bytes failed: Only part of a ReadProcessMemory or WriteProcessMemory request was completed. (0x12B)
[1221/170016.360:ERROR:process_memory_win.cc(73)] ReadMemory at 0x1a5eb9de280 of 132 bytes failed: Only part of a ReadProcessMemory or WriteProcessMemory request was completed. (0x12B)
[1221/170016.360:ERROR:process_memory_win.cc(73)] ReadMemory at 0x1a5eb9de3b0 of 132 bytes failed: Only part of a ReadProcessMemory or WriteProcessMemory request was completed. (0x12B)
[1221/170016.360:ERROR:process_memory_win.cc(73)] ReadMemory at 0x1a5eb9de4e0 of 132 bytes failed: Only part of a ReadProcessMemory or WriteProcessMemory request was completed. (0x12B)
[1221/170016.360:ERROR:process_memory_win.cc(73)] ReadMemory at 0x1a5eb9de610 of 132 bytes failed: Only part of a ReadProcessMemory or WriteProcessMemory request was completed. (0x12B)
[1221/170016.360:ERROR:process_memory_win.cc(73)] ReadMemory at 0x1a5eb9de740 of 132 bytes failed: Only part of a ReadProcessMemory or WriteProcessMemory request was completed. (0x12B)
[1221/170016.360:ERROR:process_memory_win.cc(73)] ReadMemory at 0x1a5eb9de870 of 132 bytes failed: Only part of a ReadProcessMemory or WriteProcessMemory request was completed. (0x12B)
[1221/170016.360:ERROR:process_memory_win.cc(73)] ReadMemory at 0x1a5eb9de9a0 of 132 bytes failed: Only part of a ReadProcessMemory or WriteProcessMemory request was completed. (0x12B)
[1221/170016.361:ERROR:process_memory_win.cc(73)] ReadMemory at 0x1a5eb9dead0 of 132 bytes failed: Only part of a ReadProcessMemory or WriteProcessMemory request was completed. (0x12B)
[1221/170016.361:ERROR:process_memory_win.cc(73)] ReadMemory at 0x1a5eb9dec00 of 132 bytes failed: Only part of a ReadProcessMemory or WriteProcessMemory request was completed. (0x12B)
[1221/170016.361:ERROR:process_memory_win.cc(73)] ReadMemory at 0x1a5eb9e0fd0 of 64 bytes failed: Only part of a ReadProcessMemory or WriteProcessMemory request was completed. (0x12B)
[1221/170016.361:ERROR:process_memory_win.cc(73)] ReadMemory at 0x1a5eb9e1020 of 62 bytes failed: Only part of a ReadProcessMemory or WriteProcessMemory request was completed. (0x12B)
[1221/170016.361:ERROR:process_memory_win.cc(73)] ReadMemory at 0x1a5eb9e11b0 of 60 bytes failed: Only part of a ReadProcessMemory or WriteProcessMemory request was completed. (0x12B)
[1221/170016.361:ERROR:process_memory_win.cc(73)] ReadMemory at 0x1a5eb9e1200 of 66 bytes failed: Only part of a ReadProcessMemory or WriteProcessMemory request was completed. (0x12B)
[1221/170016.361:ERROR:process_memory_win.cc(73)] ReadMemory at 0x1a5eb9e1250 of 64 bytes failed: Only part of a ReadProcessMemory or WriteProcessMemory request was completed. (0x12B)
[1221/170016.361:ERROR:process_memory_win.cc(73)] ReadMemory at 0x1a5eb9e12a0 of 64 bytes failed: Only part of a ReadProcessMemory or WriteProcessMemory request was completed. (0x12B)
[1221/170016.361:ERROR:process_memory_win.cc(73)] ReadMemory at 0x1a5eb9e13e0 of 62 bytes failed: Only part of a ReadProcessMemory or WriteProcessMemory request was completed. (0x12B)
[1221/170016.361:ERROR:process_memory_win.cc(73)] ReadMemory at 0x1a5eb9e1430 of 62 bytes failed: Only part of a ReadProcessMemory or WriteProcessMemory request was completed. (0x12B)
[1221/170016.361:ERROR:process_memory_win.cc(73)] ReadMemory at 0x1a5eb9e1480 of 60 bytes failed: Only part of a ReadProcessMemory or WriteProcessMemory request was completed. (0x12B)
[1221/170016.361:ERROR:process_memory_win.cc(73)] ReadMemory at 0x1a5eb9e14d0 of 62 bytes failed: Only part of a ReadProcessMemory or WriteProcessMemory request was completed. (0x12B)
[1221/170016.361:ERROR:process_memory_win.cc(73)] ReadMemory at 0x1a5eb9e1700 of 64 bytes failed: Only part of a ReadProcessMemory or WriteProcessMemory request was completed. (0x12B)
[1221/170016.361:ERROR:process_memory_win.cc(73)] ReadMemory at 0x1a5eb9e17a0 of 64 bytes failed: Only part of a ReadProcessMemory or WriteProcessMemory request was completed. (0x12B)
[1221/170016.362:ERROR:process_memory_win.cc(73)] ReadMemory at 0x1a5eb9e3890 of 132 bytes failed: Only part of a ReadProcessMemory or WriteProcessMemory request was completed. (0x12B)
[1221/170016.362:ERROR:process_memory_win.cc(73)] ReadMemory at 0x1a5eb9e51b0 of 132 bytes failed: Only part of a ReadProcessMemory or WriteProcessMemory request was completed. (0x12B)
[1221/170016.362:ERROR:process_memory_win.cc(73)] ReadMemory at 0x1a5eb9e8f00 of 132 bytes failed: Only part of a ReadProcessMemory or WriteProcessMemory request was completed. (0x12B)
[1221/170016.362:ERROR:process_memory_win.cc(73)] ReadMemory at 0x1a5eb9e9030 of 132 bytes failed: Only part of a ReadProcessMemory or WriteProcessMemory request was completed. (0x12B)
[1221/170016.362:ERROR:process_memory_win.cc(73)] ReadMemory at 0x1a5eb9eae60 of 132 bytes failed: Only part of a ReadProcessMemory or WriteProcessMemory request was completed. (0x12B)
[1221/170016.362:ERROR:process_memory_win.cc(73)] ReadMemory at 0x1a5eb9eb230 of 80 bytes failed: Only part of a ReadProcessMemory or WriteProcessMemory request was completed. (0x12B)
[1221/170016.362:ERROR:process_memory_win.cc(73)] ReadMemory at 0x1a5eb9eb710 of 80 bytes failed: Only part of a ReadProcessMemory or WriteProcessMemory request was completed. (0x12B)
[1221/170016.362:ERROR:process_memory_win.cc(73)] ReadMemory at 0x1a5eb9ed7b0 of 62 bytes failed: Only part of a ReadProcessMemory or WriteProcessMemory request was completed. (0x12B)
[1221/170016.362:ERROR:process_memory_win.cc(73)] ReadMemory at 0x1a5eb9ed8f0 of 64 bytes failed: Only part of a ReadProcessMemory or WriteProcessMemory request was completed. (0x12B)
[1221/170016.362:ERROR:process_memory_win.cc(73)] ReadMemory at 0x1a5eb9ed940 of 62 bytes failed: Only part of a ReadProcessMemory or WriteProcessMemory request was completed. (0x12B)
[1221/170016.362:ERROR:process_memory_win.cc(73)] ReadMemory at 0x1a5eb9ed990 of 62 bytes failed: Only part of a ReadProcessMemory or WriteProcessMemory request was completed. (0x12B)
[1221/170016.362:ERROR:process_memory_win.cc(73)] ReadMemory at 0x1a5eb9ed9e0 of 60 bytes failed: Only part of a ReadProcessMemory or WriteProcessMemory request was completed. (0x12B)
[1221/170016.362:ERROR:process_memory_win.cc(73)] ReadMemory at 0x1a5eb9eddf0 of 62 bytes failed: Only part of a ReadProcessMemory or WriteProcessMemory request was completed. (0x12B)
[1221/170016.363:ERROR:process_memory_win.cc(73)] ReadMemory at 0x1a5eb9ee020 of 64 bytes failed: Only part of a ReadProcessMemory or WriteProcessMemory request was completed. (0x12B)
[1221/170016.363:ERROR:process_memory_win.cc(73)] ReadMemory at 0x1a5eb9ee2a0 of 60 bytes failed: Only part of a ReadProcessMemory or WriteProcessMemory request was completed. (0x12B)
[1221/170016.363:ERROR:process_memory_win.cc(73)] ReadMemory at 0x1a5eb9ee4d0 of 58 bytes failed: Only part of a ReadProcessMemory or WriteProcessMemory request was completed. (0x12B)
[1221/170016.363:ERROR:process_memory_win.cc(73)] ReadMemory at 0x1a5eb9ee520 of 62 bytes failed: Only part of a ReadProcessMemory or WriteProcessMemory request was completed. (0x12B)
[1221/170016.363:ERROR:process_memory_win.cc(73)] ReadMemory at 0x1a5eb9eec20 of 132 bytes failed: Only part of a ReadProcessMemory or WriteProcessMemory request was completed. (0x12B)
[1221/170016.363:ERROR:process_memory_win.cc(73)] ReadMemory at 0x1a5eb9eefb0 of 132 bytes failed: Only part of a ReadProcessMemory or WriteProcessMemory request was completed. (0x12B)
[1221/170016.363:ERROR:process_memory_win.cc(73)] ReadMemory at 0x1a5eb9efa60 of 132 bytes failed: Only part of a ReadProcessMemory or WriteProcessMemory request was completed. (0x12B)
[1221/170016.363:ERROR:process_memory_win.cc(73)] ReadMemory at 0x1a5eba38970 of 512 bytes failed: Only part of a ReadProcessMemory or WriteProcessMemory request was completed. (0x12B)
[1221/170016.363:ERROR:process_memory_win.cc(73)] ReadMemory at 0x1a5eba38ff0 of 640 bytes failed: Only part of a ReadProcessMemory or WriteProcessMemory request was completed. (0x12B)
[1221/170016.363:ERROR:process_memory_win.cc(73)] ReadMemory at 0x1a5eba588f0 of 512 bytes failed: Only part of a ReadProcessMemory or WriteProcessMemory request was completed. (0x12B)
[1221/170016.363:ERROR:process_memory_win.cc(73)] ReadMemory at 0x1a5eba5de70 of 712 bytes failed: Only part of a ReadProcessMemory or WriteProcessMemory request was completed. (0x12B)
[1221/170016.364:ERROR:process_memory_win.cc(73)] ReadMemory at 0x1a5eba63d90 of 512 bytes failed: Only part of a ReadProcessMemory or WriteProcessMemory request was completed. (0x12B)
[1221/170016.364:ERROR:process_memory_win.cc(73)] ReadMemory at 0x1a5eba74e20 of 512 bytes failed: Only part of a ReadProcessMemory or WriteProcessMemory request was completed. (0x12B)
[1221/170016.364:ERROR:process_memory_win.cc(73)] ReadMemory at 0x1a5eba7c5b0 of 512 bytes failed: Only part of a ReadProcessMemory or WriteProcessMemory request was completed. (0x12B)
[1221/170016.364:ERROR:process_memory_win.cc(73)] ReadMemory at 0x1a5eba88f60 of 512 bytes failed: Only part of a ReadProcessMemory or WriteProcessMemory request was completed. (0x12B)
[1221/170016.364:ERROR:process_memory_win.cc(73)] ReadMemory at 0x1a5eba89360 of 512 bytes failed: Only part of a ReadProcessMemory or WriteProcessMemory request was completed. (0x12B)
[1221/170016.364:ERROR:process_memory_win.cc(73)] ReadMemory at 0x1a5ebbb0dc0 of 512 bytes failed: Only part of a ReadProcessMemory or WriteProcessMemory request was completed. (0x12B)
[1221/170016.364:ERROR:process_memory_win.cc(73)] ReadMemory at 0x1a5ebbb28c0 of 512 bytes failed: Only part of a ReadProcessMemory or WriteProcessMemory request was completed. (0x12B)
[1221/170016.364:ERROR:process_memory_win.cc(73)] ReadMemory at 0x1a5ed4ff2c0 of 512 bytes failed: Only part of a ReadProcessMemory or WriteProcessMemory request was completed. (0x12B)
[1221/170016.364:ERROR:process_memory_win.cc(73)] ReadMemory at 0x1a5ed505100 of 512 bytes failed: Only part of a ReadProcessMemory or WriteProcessMemory request was completed. (0x12B)
[1221/170016.364:ERROR:process_memory_win.cc(73)] ReadMemory at 0x1a5ed515890 of 512 bytes failed: Only part of a ReadProcessMemory or WriteProcessMemory request was completed. (0x12B)
[1221/170016.364:ERROR:process_memory_win.cc(73)] ReadMemory at 0x1a5ed543060 of 512 bytes failed: Only part of a ReadProcessMemory or WriteProcessMemory request was completed. (0x12B)
[1221/170016.364:ERROR:process_memory_win.cc(73)] ReadMemory at 0x1a5ed6b4698 of 512 bytes failed: Only part of a ReadProcessMemory or WriteProcessMemory request was completed. (0x12B)
[1221/170016.365:ERROR:process_memory_win.cc(73)] ReadMemory at 0x1a5ed6c35d0 of 512 bytes failed: Only part of a ReadProcessMemory or WriteProcessMemory request was completed. (0x12B)
[1221/170016.365:ERROR:process_memory_win.cc(73)] ReadMemory at 0x1a5ed6fa380 of 632 bytes failed: Only part of a ReadProcessMemory or WriteProcessMemory request was completed. (0x12B)
[1221/170016.365:ERROR:process_memory_win.cc(73)] ReadMemory at 0x7ffe79f3c460 of 512 bytes failed: Only part of a ReadProcessMemory or WriteProcessMemory request was completed. (0x12B)
[1221/170016.365:ERROR:process_memory_win.cc(73)] ReadMemory at 0x7ffe7a77214f of 512 bytes failed: Only part of a ReadProcessMemory or WriteProcessMemory request was completed. (0x12B)
[1221/170016.365:ERROR:process_memory_win.cc(73)] ReadMemory at 0x7ffee423e748 of 512 bytes failed: Only part of a ReadProcessMemory or WriteProcessMemory request was completed. (0x12B)
[1221/170016.365:ERROR:process_memory_win.cc(73)] ReadMemory at 0x7ffee5f74a50 of 512 bytes failed: Only part of a ReadProcessMemory or WriteProcessMemory request was completed. (0x12B)
[1221/170016.365:ERROR:process_memory_win.cc(73)] ReadMemory at 0x7ffee658bfb4 of 672 bytes failed: Only part of a ReadProcessMemory or WriteProcessMemory request was completed. (0x12B)
[1221/170016.365:ERROR:process_memory_win.cc(73)] ReadMemory at 0x7ffee658c5b4 of 512 bytes failed: Only part of a ReadProcessMemory or WriteProcessMemory request was completed. (0x12B)
[1221/170016.365:ERROR:process_memory_win.cc(73)] ReadMemory at 0x7ffee658f924 of 608 bytes failed: Only part of a ReadProcessMemory or WriteProcessMemory request was completed. (0x12B)
[1221/170016.365:ERROR:process_memory_win.cc(73)] ReadMemory at 0x7ffee6620a00 of 18 bytes failed: Only part of a ReadProcessMemory or WriteProcessMemory request was completed. (0x12B)
[1221/170016.365:ERROR:process_memory_win.cc(73)] ReadMemory at 0x7ffee66554f8 of 40 bytes failed: Only part of a ReadProcessMemory or WriteProcessMemory request was completed. (0x12B)
[1221/170016.365:ERROR:process_memory_win.cc(73)] ReadMemory at 0x7ffee6655978 of 48 bytes failed: Only part of a ReadProcessMemory or WriteProcessMemory request was completed. (0x12B)
[1221/170016.365:ERROR:process_memory_win.cc(73)] ReadMemory at 0x7ffee665b4c0 of 64 bytes failed: Only part of a ReadProcessMemory or WriteProcessMemory request was completed. (0x12B)
[1221/170016.367:ERROR:scoped_process_suspend.cc(40)] NtResumeProcess: An attempt was made to access an exiting process. (0xc000010a)
[1227/151339.473:ERROR:directory_reader_win.cc(43)] FindFirstFile: The system cannot find the path specified. (0x3)
